c:\users\naftaly avadiaev\source\repos\naguard\naguard\debug\vc141.pdb
c:\users\naftaly avadiaev\source\repos\naguard\naguard\debug\communication.obj
c:\users\naftaly avadiaev\source\repos\naguard\naguard\debug\callbacks.obj
c:\users\naftaly avadiaev\source\repos\naguard\naguard\debug\naguard.obj
c:\users\naftaly avadiaev\source\repos\naguard\debug\naguard.sys
c:\users\naftaly avadiaev\source\repos\naguard\debug\naguard.pdb
c:\users\naftaly avadiaev\source\repos\naguard\naguard\debug\naguard.res
c:\users\naftaly avadiaev\source\repos\naguard\naguard\debug\naguard.inf
c:\users\aviad\documents\limudim\2018a\security project\naguard\new\naguard\naguard\debug\callbacks.obj
c:\users\aviad\documents\limudim\2018a\security project\naguard\new\naguard\naguard\debug\communication.obj
c:\users\aviad\documents\limudim\2018a\security project\naguard\new\naguard\naguard\debug\naguard.obj
c:\users\aviad\documents\limudim\2018a\security project\naguard\new\naguard\naguard\debug\naguard.res
c:\users\aviad\documents\limudim\2018a\security project\naguard\new\naguard\naguard\debug\vc141.pdb
c:\users\aviad\documents\limudim\2018a\security project\naguard\new\naguard\debug\naguard.pdb
c:\users\aviad\documents\limudim\2018a\security project\naguard\new\naguard\naguard\debug\naguard.tlog\cl.command.1.tlog
c:\users\aviad\documents\limudim\2018a\security project\naguard\new\naguard\naguard\debug\naguard.tlog\cl.read.1.tlog
c:\users\aviad\documents\limudim\2018a\security project\naguard\new\naguard\naguard\debug\naguard.tlog\cl.write.1.tlog
c:\users\aviad\documents\limudim\2018a\security project\naguard\new\naguard\naguard\debug\naguard.tlog\inf2cat-expand.13088.read.1.tlog
c:\users\aviad\documents\limudim\2018a\security project\naguard\new\naguard\naguard\debug\naguard.tlog\inf2cat-expand.13088.write.1.tlog
c:\users\aviad\documents\limudim\2018a\security project\naguard\new\naguard\naguard\debug\naguard.tlog\inf2cat-expand.16044.read.1.tlog
c:\users\aviad\documents\limudim\2018a\security project\naguard\new\naguard\naguard\debug\naguard.tlog\inf2cat-expand.16044.write.1.tlog
c:\users\aviad\documents\limudim\2018a\security project\naguard\new\naguard\naguard\debug\naguard.tlog\inf2cat-expand.1660.read.1.tlog
c:\users\aviad\documents\limudim\2018a\security project\naguard\new\naguard\naguard\debug\naguard.tlog\inf2cat-expand.1660.write.1.tlog
c:\users\aviad\documents\limudim\2018a\security project\naguard\new\naguard\naguard\debug\naguard.tlog\inf2cat-expand.1700.read.1.tlog
c:\users\aviad\documents\limudim\2018a\security project\naguard\new\naguard\naguard\debug\naguard.tlog\inf2cat-expand.1700.write.1.tlog
c:\users\aviad\documents\limudim\2018a\security project\naguard\new\naguard\naguard\debug\naguard.tlog\inf2cat-expand.17492.read.1.tlog
c:\users\aviad\documents\limudim\2018a\security project\naguard\new\naguard\naguard\debug\naguard.tlog\inf2cat-expand.17492.write.1.tlog
c:\users\aviad\documents\limudim\2018a\security project\naguard\new\naguard\naguard\debug\naguard.tlog\inf2cat-expand.19656.read.1.tlog
c:\users\aviad\documents\limudim\2018a\security project\naguard\new\naguard\naguard\debug\naguard.tlog\inf2cat-expand.19656.write.1.tlog
c:\users\aviad\documents\limudim\2018a\security project\naguard\new\naguard\naguard\debug\naguard.tlog\inf2cat-expand.19912.read.1.tlog
c:\users\aviad\documents\limudim\2018a\security project\naguard\new\naguard\naguard\debug\naguard.tlog\inf2cat-expand.19912.write.1.tlog
c:\users\aviad\documents\limudim\2018a\security project\naguard\new\naguard\naguard\debug\naguard.tlog\inf2cat-expand.read.1.tlog
c:\users\aviad\documents\limudim\2018a\security project\naguard\new\naguard\naguard\debug\naguard.tlog\inf2cat-expand.write.1.tlog
c:\users\aviad\documents\limudim\2018a\security project\naguard\new\naguard\naguard\debug\naguard.tlog\inf2cat.command.1.tlog
c:\users\aviad\documents\limudim\2018a\security project\naguard\new\naguard\naguard\debug\naguard.tlog\inf2cat.read.1.tlog
c:\users\aviad\documents\limudim\2018a\security project\naguard\new\naguard\naguard\debug\naguard.tlog\inf2cat.write.1.tlog
c:\users\aviad\documents\limudim\2018a\security project\naguard\new\naguard\naguard\debug\naguard.tlog\link.command.1.tlog
c:\users\aviad\documents\limudim\2018a\security project\naguard\new\naguard\naguard\debug\naguard.tlog\link.read.1.tlog
c:\users\aviad\documents\limudim\2018a\security project\naguard\new\naguard\naguard\debug\naguard.tlog\link.write.1.tlog
c:\users\aviad\documents\limudim\2018a\security project\naguard\new\naguard\naguard\debug\naguard.tlog\rc.command.1.tlog
c:\users\aviad\documents\limudim\2018a\security project\naguard\new\naguard\naguard\debug\naguard.tlog\rc.read.1.tlog
c:\users\aviad\documents\limudim\2018a\security project\naguard\new\naguard\naguard\debug\naguard.tlog\rc.write.1.tlog
c:\users\aviad\documents\limudim\2018a\security project\naguard\new\naguard\naguard\debug\naguard.tlog\signtool.command.1.tlog
c:\users\aviad\documents\limudim\2018a\security project\naguard\new\naguard\naguard\debug\naguard.tlog\signtool.read.1.tlog
c:\users\aviad\documents\limudim\2018a\security project\naguard\new\naguard\naguard\debug\naguard.tlog\signtool.timestamp.1.tlog
c:\users\aviad\documents\limudim\2018a\security project\naguard\new\naguard\naguard\debug\naguard.tlog\signtool.write.1.tlog
c:\users\aviad\documents\limudim\2018a\security project\naguard\new\naguard\naguard\debug\naguard.tlog\stampinf.command.1.tlog
c:\users\aviad\documents\limudim\2018a\security project\naguard\new\naguard\naguard\debug\naguard.tlog\stampinf.read.1.tlog
c:\users\aviad\documents\limudim\2018a\security project\naguard\new\naguard\naguard\debug\naguard.tlog\stampinf.write.1.tlog
